<?xml version="1.0" encoding="UTF-8"?>
<testsuite xmlns:xsi="http://www.w3.org/2001/XMLSchema-instance" xsi:noNamespaceSchemaLocation="https://maven.apache.org/surefire/maven-surefire-plugin/xsd/surefire-test-report.xsd" name="com.atguigu.admin.Junit5Test" time="1.606" tests="16" errors="0" skipped="2" failures="4">
  <properties>
    <property name="sun.desktop" value="windows"/>
    <property name="awt.toolkit" value="sun.awt.windows.WToolkit"/>
    <property name="file.encoding.pkg" value="sun.io"/>
    <property name="java.specification.version" value="1.8"/>
    <property name="sun.cpu.isalist" value="amd64"/>
    <property name="sun.jnu.encoding" value="GBK"/>
    <property name="java.class.path" value="C:\workplace\SpringBoot\boot-05-web-admin\target\test-classes;C:\workplace\SpringBoot\boot-05-web-admin\target\classes;C:\Users\呆头拯救地球\.m2\repository\org\springframework\boot\spring-boot-starter-thymeleaf\2.6.7\spring-boot-starter-thymeleaf-2.6.7.jar;C:\Users\呆头拯救地球\.m2\repository\org\springframework\boot\spring-boot-starter\2.6.7\spring-boot-starter-2.6.7.jar;C:\Users\呆头拯救地球\.m2\repository\org\springframework\boot\spring-boot-starter-logging\2.6.7\spring-boot-starter-logging-2.6.7.jar;C:\Users\呆头拯救地球\.m2\repository\ch\qos\logback\logback-classic\1.2.11\logback-classic-1.2.11.jar;C:\Users\呆头拯救地球\.m2\repository\ch\qos\logback\logback-core\1.2.11\logback-core-1.2.11.jar;C:\Users\呆头拯救地球\.m2\repository\org\apache\logging\log4j\log4j-to-slf4j\2.17.2\log4j-to-slf4j-2.17.2.jar;C:\Users\呆头拯救地球\.m2\repository\org\apache\logging\log4j\log4j-api\2.17.2\log4j-api-2.17.2.jar;C:\Users\呆头拯救地球\.m2\repository\org\slf4j\jul-to-slf4j\1.7.36\jul-to-slf4j-1.7.36.jar;C:\Users\呆头拯救地球\.m2\repository\jakarta\annotation\jakarta.annotation-api\1.3.5\jakarta.annotation-api-1.3.5.jar;C:\Users\呆头拯救地球\.m2\repository\org\yaml\snakeyaml\1.29\snakeyaml-1.29.jar;C:\Users\呆头拯救地球\.m2\repository\org\thymeleaf\thymeleaf-spring5\3.0.15.RELEASE\thymeleaf-spring5-3.0.15.RELEASE.jar;C:\Users\呆头拯救地球\.m2\repository\org\thymeleaf\thymeleaf\3.0.15.RELEASE\thymeleaf-3.0.15.RELEASE.jar;C:\Users\呆头拯救地球\.m2\repository\org\attoparser\attoparser\2.0.5.RELEASE\attoparser-2.0.5.RELEASE.jar;C:\Users\呆头拯救地球\.m2\repository\org\unbescape\unbescape\1.1.6.RELEASE\unbescape-1.1.6.RELEASE.jar;C:\Users\呆头拯救地球\.m2\repository\org\thymeleaf\extras\thymeleaf-extras-java8time\3.0.4.RELEASE\thymeleaf-extras-java8time-3.0.4.RELEASE.jar;C:\Users\呆头拯救地球\.m2\repository\org\springframework\boot\spring-boot-starter-web\2.6.7\spring-boot-starter-web-2.6.7.jar;C:\Users\呆头拯救地球\.m2\repository\org\springframework\boot\spring-boot-starter-json\2.6.7\spring-boot-starter-json-2.6.7.jar;C:\Users\呆头拯救地球\.m2\repository\com\fasterxml\jackson\core\jackson-databind\2.13.2.1\jackson-databind-2.13.2.1.jar;C:\Users\呆头拯救地球\.m2\repository\com\fasterxml\jackson\core\jackson-annotations\2.13.2\jackson-annotations-2.13.2.jar;C:\Users\呆头拯救地球\.m2\repository\com\fasterxml\jackson\core\jackson-core\2.13.2\jackson-core-2.13.2.jar;C:\Users\呆头拯救地球\.m2\repository\com\fasterxml\jackson\datatype\jackson-datatype-jdk8\2.13.2\jackson-datatype-jdk8-2.13.2.jar;C:\Users\呆头拯救地球\.m2\repository\com\fasterxml\jackson\datatype\jackson-datatype-jsr310\2.13.2\jackson-datatype-jsr310-2.13.2.jar;C:\Users\呆头拯救地球\.m2\repository\com\fasterxml\jackson\module\jackson-module-parameter-names\2.13.2\jackson-module-parameter-names-2.13.2.jar;C:\Users\呆头拯救地球\.m2\repository\org\springframework\boot\spring-boot-starter-tomcat\2.6.7\spring-boot-starter-tomcat-2.6.7.jar;C:\Users\呆头拯救地球\.m2\repository\org\apache\tomcat\embed\tomcat-embed-core\9.0.62\tomcat-embed-core-9.0.62.jar;C:\Users\呆头拯救地球\.m2\repository\org\apache\tomcat\embed\tomcat-embed-el\9.0.62\tomcat-embed-el-9.0.62.jar;C:\Users\呆头拯救地球\.m2\repository\org\apache\tomcat\embed\tomcat-embed-websocket\9.0.62\tomcat-embed-websocket-9.0.62.jar;C:\Users\呆头拯救地球\.m2\repository\org\springframework\spring-web\5.3.19\spring-web-5.3.19.jar;C:\Users\呆头拯救地球\.m2\repository\org\springframework\spring-beans\5.3.19\spring-beans-5.3.19.jar;C:\Users\呆头拯救地球\.m2\repository\org\springframework\spring-webmvc\5.3.19\spring-webmvc-5.3.19.jar;C:\Users\呆头拯救地球\.m2\repository\org\springframework\spring-aop\5.3.19\spring-aop-5.3.19.jar;C:\Users\呆头拯救地球\.m2\repository\org\springframework\spring-context\5.3.19\spring-context-5.3.19.jar;C:\Users\呆头拯救地球\.m2\repository\org\springframework\spring-expression\5.3.19\spring-expression-5.3.19.jar;C:\Users\呆头拯救地球\.m2\repository\org\springframework\boot\spring-boot-devtools\2.6.7\spring-boot-devtools-2.6.7.jar;C:\Users\呆头拯救地球\.m2\repository\org\springframework\boot\spring-boot\2.6.7\spring-boot-2.6.7.jar;C:\Users\呆头拯救地球\.m2\repository\org\springframework\boot\spring-boot-autoconfigure\2.6.7\spring-boot-autoconfigure-2.6.7.jar;C:\Users\呆头拯救地球\.m2\repository\org\springframework\boot\spring-boot-configuration-processor\2.6.7\spring-boot-configuration-processor-2.6.7.jar;C:\Users\呆头拯救地球\.m2\repository\mysql\mysql-connector-java\5.1.49\mysql-connector-java-5.1.49.jar;C:\Users\呆头拯救地球\.m2\repository\org\projectlombok\lombok\1.18.24\lombok-1.18.24.jar;C:\Users\呆头拯救地球\.m2\repository\org\springframework\boot\spring-boot-starter-test\2.6.7\spring-boot-starter-test-2.6.7.jar;C:\Users\呆头拯救地球\.m2\repository\org\springframework\boot\spring-boot-test\2.6.7\spring-boot-test-2.6.7.jar;C:\Users\呆头拯救地球\.m2\repository\org\springframework\boot\spring-boot-test-autoconfigure\2.6.7\spring-boot-test-autoconfigure-2.6.7.jar;C:\Users\呆头拯救地球\.m2\repository\com\jayway\jsonpath\json-path\2.6.0\json-path-2.6.0.jar;C:\Users\呆头拯救地球\.m2\repository\net\minidev\json-smart\2.4.8\json-smart-2.4.8.jar;C:\Users\呆头拯救地球\.m2\repository\net\minidev\accessors-smart\2.4.8\accessors-smart-2.4.8.jar;C:\Users\呆头拯救地球\.m2\repository\org\ow2\asm\asm\9.1\asm-9.1.jar;C:\Users\呆头拯救地球\.m2\repository\jakarta\xml\bind\jakarta.xml.bind-api\2.3.3\jakarta.xml.bind-api-2.3.3.jar;C:\Users\呆头拯救地球\.m2\repository\jakarta\activation\jakarta.activation-api\1.2.2\jakarta.activation-api-1.2.2.jar;C:\Users\呆头拯救地球\.m2\repository\org\assertj\assertj-core\3.21.0\assertj-core-3.21.0.jar;C:\Users\呆头拯救地球\.m2\repository\org\hamcrest\hamcrest\2.2\hamcrest-2.2.jar;C:\Users\呆头拯救地球\.m2\repository\org\junit\jupiter\junit-jupiter\5.8.2\junit-jupiter-5.8.2.jar;C:\Users\呆头拯救地球\.m2\repository\org\junit\jupiter\junit-jupiter-api\5.8.2\junit-jupiter-api-5.8.2.jar;C:\Users\呆头拯救地球\.m2\repository\org\opentest4j\opentest4j\1.2.0\opentest4j-1.2.0.jar;C:\Users\呆头拯救地球\.m2\repository\org\junit\platform\junit-platform-commons\1.8.2\junit-platform-commons-1.8.2.jar;C:\Users\呆头拯救地球\.m2\repository\org\apiguardian\apiguardian-api\1.1.2\apiguardian-api-1.1.2.jar;C:\Users\呆头拯救地球\.m2\repository\org\junit\jupiter\junit-jupiter-params\5.8.2\junit-jupiter-params-5.8.2.jar;C:\Users\呆头拯救地球\.m2\repository\org\junit\jupiter\junit-jupiter-engine\5.8.2\junit-jupiter-engine-5.8.2.jar;C:\Users\呆头拯救地球\.m2\repository\org\junit\platform\junit-platform-engine\1.8.2\junit-platform-engine-1.8.2.jar;C:\Users\呆头拯救地球\.m2\repository\org\mockito\mockito-core\4.0.0\mockito-core-4.0.0.jar;C:\Users\呆头拯救地球\.m2\repository\net\bytebuddy\byte-buddy\1.11.22\byte-buddy-1.11.22.jar;C:\Users\呆头拯救地球\.m2\repository\net\bytebuddy\byte-buddy-agent\1.11.22\byte-buddy-agent-1.11.22.jar;C:\Users\呆头拯救地球\.m2\repository\org\objenesis\objenesis\3.2\objenesis-3.2.jar;C:\Users\呆头拯救地球\.m2\repository\org\mockito\mockito-junit-jupiter\4.0.0\mockito-junit-jupiter-4.0.0.jar;C:\Users\呆头拯救地球\.m2\repository\org\skyscreamer\jsonassert\1.5.0\jsonassert-1.5.0.jar;C:\Users\呆头拯救地球\.m2\repository\com\vaadin\external\google\android-json\0.0.20131108.vaadin1\android-json-0.0.20131108.vaadin1.jar;C:\Users\呆头拯救地球\.m2\repository\org\springframework\spring-core\5.3.19\spring-core-5.3.19.jar;C:\Users\呆头拯救地球\.m2\repository\org\springframework\spring-jcl\5.3.19\spring-jcl-5.3.19.jar;C:\Users\呆头拯救地球\.m2\repository\org\springframework\spring-test\5.3.19\spring-test-5.3.19.jar;C:\Users\呆头拯救地球\.m2\repository\org\xmlunit\xmlunit-core\2.8.4\xmlunit-core-2.8.4.jar;C:\Users\呆头拯救地球\.m2\repository\com\alibaba\druid\1.1.17\druid-1.1.17.jar;C:\Users\呆头拯救地球\.m2\repository\com\alibaba\druid-spring-boot-starter\1.1.17\druid-spring-boot-starter-1.1.17.jar;C:\Users\呆头拯救地球\.m2\repository\org\slf4j\slf4j-api\1.7.36\slf4j-api-1.7.36.jar;C:\Users\呆头拯救地球\.m2\repository\com\baomidou\mybatis-plus-boot-starter\3.4.1\mybatis-plus-boot-starter-3.4.1.jar;C:\Users\呆头拯救地球\.m2\repository\com\baomidou\mybatis-plus\3.4.1\mybatis-plus-3.4.1.jar;C:\Users\呆头拯救地球\.m2\repository\com\baomidou\mybatis-plus-extension\3.4.1\mybatis-plus-extension-3.4.1.jar;C:\Users\呆头拯救地球\.m2\repository\com\baomidou\mybatis-plus-core\3.4.1\mybatis-plus-core-3.4.1.jar;C:\Users\呆头拯救地球\.m2\repository\com\baomidou\mybatis-plus-annotation\3.4.1\mybatis-plus-annotation-3.4.1.jar;C:\Users\呆头拯救地球\.m2\repository\com\github\jsqlparser\jsqlparser\3.2\jsqlparser-3.2.jar;C:\Users\呆头拯救地球\.m2\repository\org\mybatis\mybatis\3.5.6\mybatis-3.5.6.jar;C:\Users\呆头拯救地球\.m2\repository\org\mybatis\mybatis-spring\2.0.5\mybatis-spring-2.0.5.jar;C:\Users\呆头拯救地球\.m2\repository\org\springframework\boot\spring-boot-starter-jdbc\2.6.7\spring-boot-starter-jdbc-2.6.7.jar;C:\Users\呆头拯救地球\.m2\repository\com\zaxxer\HikariCP\4.0.3\HikariCP-4.0.3.jar;C:\Users\呆头拯救地球\.m2\repository\org\springframework\spring-jdbc\5.3.19\spring-jdbc-5.3.19.jar;C:\Users\呆头拯救地球\.m2\repository\org\springframework\spring-tx\5.3.19\spring-tx-5.3.19.jar;"/>
    <property name="java.vm.vendor" value="Oracle Corporation"/>
    <property name="sun.arch.data.model" value="64"/>
    <property name="user.variant" value=""/>
    <property name="java.vendor.url" value="http://java.oracle.com/"/>
    <property name="user.timezone" value="Asia/Shanghai"/>
    <property name="java.vm.specification.version" value="1.8"/>
    <property name="os.name" value="Windows 10"/>
    <property name="user.country" value="CN"/>
    <property name="sun.java.launcher" value="SUN_STANDARD"/>
    <property name="sun.boot.library.path" value="C:\Program Files\Java\jdk1.8.0_311\jre\bin"/>
    <property name="sun.java.command" value="C:\Users\呆头拯~1\AppData\Local\Temp\surefire2513846972265197746\surefirebooter3866263702879268586.jar C:\Users\呆头拯救地球\AppData\Local\Temp\surefire2513846972265197746 2022-04-25T17-40-11_626-jvmRun1 surefire4094638428626615962tmp surefire_03526818537607249995tmp"/>
    <property name="surefire.test.class.path" value="C:\workplace\SpringBoot\boot-05-web-admin\target\test-classes;C:\workplace\SpringBoot\boot-05-web-admin\target\classes;C:\Users\呆头拯救地球\.m2\repository\org\springframework\boot\spring-boot-starter-thymeleaf\2.6.7\spring-boot-starter-thymeleaf-2.6.7.jar;C:\Users\呆头拯救地球\.m2\repository\org\springframework\boot\spring-boot-starter\2.6.7\spring-boot-starter-2.6.7.jar;C:\Users\呆头拯救地球\.m2\repository\org\springframework\boot\spring-boot-starter-logging\2.6.7\spring-boot-starter-logging-2.6.7.jar;C:\Users\呆头拯救地球\.m2\repository\ch\qos\logback\logback-classic\1.2.11\logback-classic-1.2.11.jar;C:\Users\呆头拯救地球\.m2\repository\ch\qos\logback\logback-core\1.2.11\logback-core-1.2.11.jar;C:\Users\呆头拯救地球\.m2\repository\org\apache\logging\log4j\log4j-to-slf4j\2.17.2\log4j-to-slf4j-2.17.2.jar;C:\Users\呆头拯救地球\.m2\repository\org\apache\logging\log4j\log4j-api\2.17.2\log4j-api-2.17.2.jar;C:\Users\呆头拯救地球\.m2\repository\org\slf4j\jul-to-slf4j\1.7.36\jul-to-slf4j-1.7.36.jar;C:\Users\呆头拯救地球\.m2\repository\jakarta\annotation\jakarta.annotation-api\1.3.5\jakarta.annotation-api-1.3.5.jar;C:\Users\呆头拯救地球\.m2\repository\org\yaml\snakeyaml\1.29\snakeyaml-1.29.jar;C:\Users\呆头拯救地球\.m2\repository\org\thymeleaf\thymeleaf-spring5\3.0.15.RELEASE\thymeleaf-spring5-3.0.15.RELEASE.jar;C:\Users\呆头拯救地球\.m2\repository\org\thymeleaf\thymeleaf\3.0.15.RELEASE\thymeleaf-3.0.15.RELEASE.jar;C:\Users\呆头拯救地球\.m2\repository\org\attoparser\attoparser\2.0.5.RELEASE\attoparser-2.0.5.RELEASE.jar;C:\Users\呆头拯救地球\.m2\repository\org\unbescape\unbescape\1.1.6.RELEASE\unbescape-1.1.6.RELEASE.jar;C:\Users\呆头拯救地球\.m2\repository\org\thymeleaf\extras\thymeleaf-extras-java8time\3.0.4.RELEASE\thymeleaf-extras-java8time-3.0.4.RELEASE.jar;C:\Users\呆头拯救地球\.m2\repository\org\springframework\boot\spring-boot-starter-web\2.6.7\spring-boot-starter-web-2.6.7.jar;C:\Users\呆头拯救地球\.m2\repository\org\springframework\boot\spring-boot-starter-json\2.6.7\spring-boot-starter-json-2.6.7.jar;C:\Users\呆头拯救地球\.m2\repository\com\fasterxml\jackson\core\jackson-databind\2.13.2.1\jackson-databind-2.13.2.1.jar;C:\Users\呆头拯救地球\.m2\repository\com\fasterxml\jackson\core\jackson-annotations\2.13.2\jackson-annotations-2.13.2.jar;C:\Users\呆头拯救地球\.m2\repository\com\fasterxml\jackson\core\jackson-core\2.13.2\jackson-core-2.13.2.jar;C:\Users\呆头拯救地球\.m2\repository\com\fasterxml\jackson\datatype\jackson-datatype-jdk8\2.13.2\jackson-datatype-jdk8-2.13.2.jar;C:\Users\呆头拯救地球\.m2\repository\com\fasterxml\jackson\datatype\jackson-datatype-jsr310\2.13.2\jackson-datatype-jsr310-2.13.2.jar;C:\Users\呆头拯救地球\.m2\repository\com\fasterxml\jackson\module\jackson-module-parameter-names\2.13.2\jackson-module-parameter-names-2.13.2.jar;C:\Users\呆头拯救地球\.m2\repository\org\springframework\boot\spring-boot-starter-tomcat\2.6.7\spring-boot-starter-tomcat-2.6.7.jar;C:\Users\呆头拯救地球\.m2\repository\org\apache\tomcat\embed\tomcat-embed-core\9.0.62\tomcat-embed-core-9.0.62.jar;C:\Users\呆头拯救地球\.m2\repository\org\apache\tomcat\embed\tomcat-embed-el\9.0.62\tomcat-embed-el-9.0.62.jar;C:\Users\呆头拯救地球\.m2\repository\org\apache\tomcat\embed\tomcat-embed-websocket\9.0.62\tomcat-embed-websocket-9.0.62.jar;C:\Users\呆头拯救地球\.m2\repository\org\springframework\spring-web\5.3.19\spring-web-5.3.19.jar;C:\Users\呆头拯救地球\.m2\repository\org\springframework\spring-beans\5.3.19\spring-beans-5.3.19.jar;C:\Users\呆头拯救地球\.m2\repository\org\springframework\spring-webmvc\5.3.19\spring-webmvc-5.3.19.jar;C:\Users\呆头拯救地球\.m2\repository\org\springframework\spring-aop\5.3.19\spring-aop-5.3.19.jar;C:\Users\呆头拯救地球\.m2\repository\org\springframework\spring-context\5.3.19\spring-context-5.3.19.jar;C:\Users\呆头拯救地球\.m2\repository\org\springframework\spring-expression\5.3.19\spring-expression-5.3.19.jar;C:\Users\呆头拯救地球\.m2\repository\org\springframework\boot\spring-boot-devtools\2.6.7\spring-boot-devtools-2.6.7.jar;C:\Users\呆头拯救地球\.m2\repository\org\springframework\boot\spring-boot\2.6.7\spring-boot-2.6.7.jar;C:\Users\呆头拯救地球\.m2\repository\org\springframework\boot\spring-boot-autoconfigure\2.6.7\spring-boot-autoconfigure-2.6.7.jar;C:\Users\呆头拯救地球\.m2\repository\org\springframework\boot\spring-boot-configuration-processor\2.6.7\spring-boot-configuration-processor-2.6.7.jar;C:\Users\呆头拯救地球\.m2\repository\mysql\mysql-connector-java\5.1.49\mysql-connector-java-5.1.49.jar;C:\Users\呆头拯救地球\.m2\repository\org\projectlombok\lombok\1.18.24\lombok-1.18.24.jar;C:\Users\呆头拯救地球\.m2\repository\org\springframework\boot\spring-boot-starter-test\2.6.7\spring-boot-starter-test-2.6.7.jar;C:\Users\呆头拯救地球\.m2\repository\org\springframework\boot\spring-boot-test\2.6.7\spring-boot-test-2.6.7.jar;C:\Users\呆头拯救地球\.m2\repository\org\springframework\boot\spring-boot-test-autoconfigure\2.6.7\spring-boot-test-autoconfigure-2.6.7.jar;C:\Users\呆头拯救地球\.m2\repository\com\jayway\jsonpath\json-path\2.6.0\json-path-2.6.0.jar;C:\Users\呆头拯救地球\.m2\repository\net\minidev\json-smart\2.4.8\json-smart-2.4.8.jar;C:\Users\呆头拯救地球\.m2\repository\net\minidev\accessors-smart\2.4.8\accessors-smart-2.4.8.jar;C:\Users\呆头拯救地球\.m2\repository\org\ow2\asm\asm\9.1\asm-9.1.jar;C:\Users\呆头拯救地球\.m2\repository\jakarta\xml\bind\jakarta.xml.bind-api\2.3.3\jakarta.xml.bind-api-2.3.3.jar;C:\Users\呆头拯救地球\.m2\repository\jakarta\activation\jakarta.activation-api\1.2.2\jakarta.activation-api-1.2.2.jar;C:\Users\呆头拯救地球\.m2\repository\org\assertj\assertj-core\3.21.0\assertj-core-3.21.0.jar;C:\Users\呆头拯救地球\.m2\repository\org\hamcrest\hamcrest\2.2\hamcrest-2.2.jar;C:\Users\呆头拯救地球\.m2\repository\org\junit\jupiter\junit-jupiter\5.8.2\junit-jupiter-5.8.2.jar;C:\Users\呆头拯救地球\.m2\repository\org\junit\jupiter\junit-jupiter-api\5.8.2\junit-jupiter-api-5.8.2.jar;C:\Users\呆头拯救地球\.m2\repository\org\opentest4j\opentest4j\1.2.0\opentest4j-1.2.0.jar;C:\Users\呆头拯救地球\.m2\repository\org\junit\platform\junit-platform-commons\1.8.2\junit-platform-commons-1.8.2.jar;C:\Users\呆头拯救地球\.m2\repository\org\apiguardian\apiguardian-api\1.1.2\apiguardian-api-1.1.2.jar;C:\Users\呆头拯救地球\.m2\repository\org\junit\jupiter\junit-jupiter-params\5.8.2\junit-jupiter-params-5.8.2.jar;C:\Users\呆头拯救地球\.m2\repository\org\junit\jupiter\junit-jupiter-engine\5.8.2\junit-jupiter-engine-5.8.2.jar;C:\Users\呆头拯救地球\.m2\repository\org\junit\platform\junit-platform-engine\1.8.2\junit-platform-engine-1.8.2.jar;C:\Users\呆头拯救地球\.m2\repository\org\mockito\mockito-core\4.0.0\mockito-core-4.0.0.jar;C:\Users\呆头拯救地球\.m2\repository\net\bytebuddy\byte-buddy\1.11.22\byte-buddy-1.11.22.jar;C:\Users\呆头拯救地球\.m2\repository\net\bytebuddy\byte-buddy-agent\1.11.22\byte-buddy-agent-1.11.22.jar;C:\Users\呆头拯救地球\.m2\repository\org\objenesis\objenesis\3.2\objenesis-3.2.jar;C:\Users\呆头拯救地球\.m2\repository\org\mockito\mockito-junit-jupiter\4.0.0\mockito-junit-jupiter-4.0.0.jar;C:\Users\呆头拯救地球\.m2\repository\org\skyscreamer\jsonassert\1.5.0\jsonassert-1.5.0.jar;C:\Users\呆头拯救地球\.m2\repository\com\vaadin\external\google\android-json\0.0.20131108.vaadin1\android-json-0.0.20131108.vaadin1.jar;C:\Users\呆头拯救地球\.m2\repository\org\springframework\spring-core\5.3.19\spring-core-5.3.19.jar;C:\Users\呆头拯救地球\.m2\repository\org\springframework\spring-jcl\5.3.19\spring-jcl-5.3.19.jar;C:\Users\呆头拯救地球\.m2\repository\org\springframework\spring-test\5.3.19\spring-test-5.3.19.jar;C:\Users\呆头拯救地球\.m2\repository\org\xmlunit\xmlunit-core\2.8.4\xmlunit-core-2.8.4.jar;C:\Users\呆头拯救地球\.m2\repository\com\alibaba\druid\1.1.17\druid-1.1.17.jar;C:\Users\呆头拯救地球\.m2\repository\com\alibaba\druid-spring-boot-starter\1.1.17\druid-spring-boot-starter-1.1.17.jar;C:\Users\呆头拯救地球\.m2\repository\org\slf4j\slf4j-api\1.7.36\slf4j-api-1.7.36.jar;C:\Users\呆头拯救地球\.m2\repository\com\baomidou\mybatis-plus-boot-starter\3.4.1\mybatis-plus-boot-starter-3.4.1.jar;C:\Users\呆头拯救地球\.m2\repository\com\baomidou\mybatis-plus\3.4.1\mybatis-plus-3.4.1.jar;C:\Users\呆头拯救地球\.m2\repository\com\baomidou\mybatis-plus-extension\3.4.1\mybatis-plus-extension-3.4.1.jar;C:\Users\呆头拯救地球\.m2\repository\com\baomidou\mybatis-plus-core\3.4.1\mybatis-plus-core-3.4.1.jar;C:\Users\呆头拯救地球\.m2\repository\com\baomidou\mybatis-plus-annotation\3.4.1\mybatis-plus-annotation-3.4.1.jar;C:\Users\呆头拯救地球\.m2\repository\com\github\jsqlparser\jsqlparser\3.2\jsqlparser-3.2.jar;C:\Users\呆头拯救地球\.m2\repository\org\mybatis\mybatis\3.5.6\mybatis-3.5.6.jar;C:\Users\呆头拯救地球\.m2\repository\org\mybatis\mybatis-spring\2.0.5\mybatis-spring-2.0.5.jar;C:\Users\呆头拯救地球\.m2\repository\org\springframework\boot\spring-boot-starter-jdbc\2.6.7\spring-boot-starter-jdbc-2.6.7.jar;C:\Users\呆头拯救地球\.m2\repository\com\zaxxer\HikariCP\4.0.3\HikariCP-4.0.3.jar;C:\Users\呆头拯救地球\.m2\repository\org\springframework\spring-jdbc\5.3.19\spring-jdbc-5.3.19.jar;C:\Users\呆头拯救地球\.m2\repository\org\springframework\spring-tx\5.3.19\spring-tx-5.3.19.jar;"/>
    <property name="sun.cpu.endian" value="little"/>
    <property name="user.home" value="C:\Users\呆头拯救地球"/>
    <property name="user.language" value="zh"/>
    <property name="java.specification.vendor" value="Oracle Corporation"/>
    <property name="java.home" value="C:\Program Files\Java\jdk1.8.0_311\jre"/>
    <property name="basedir" value="C:\workplace\SpringBoot\boot-05-web-admin"/>
    <property name="file.separator" value="\"/>
    <property name="line.separator" value="&#10;"/>
    <property name="java.vm.specification.vendor" value="Oracle Corporation"/>
    <property name="java.specification.name" value="Java Platform API Specification"/>
    <property name="java.awt.graphicsenv" value="sun.awt.Win32GraphicsEnvironment"/>
    <property name="surefire.real.class.path" value="C:\Users\呆头拯~1\AppData\Local\Temp\surefire2513846972265197746\surefirebooter3866263702879268586.jar"/>
    <property name="sun.boot.class.path" value="C:\Program Files\Java\jdk1.8.0_311\jre\lib\resources.jar;C:\Program Files\Java\jdk1.8.0_311\jre\lib\rt.jar;C:\Program Files\Java\jdk1.8.0_311\jre\lib\sunrsasign.jar;C:\Program Files\Java\jdk1.8.0_311\jre\lib\jsse.jar;C:\Program Files\Java\jdk1.8.0_311\jre\lib\jce.jar;C:\Program Files\Java\jdk1.8.0_311\jre\lib\charsets.jar;C:\Program Files\Java\jdk1.8.0_311\jre\lib\jfr.jar;C:\Program Files\Java\jdk1.8.0_311\jre\classes"/>
    <property name="user.script" value=""/>
    <property name="sun.management.compiler" value="HotSpot 64-Bit Tiered Compilers"/>
    <property name="java.runtime.version" value="1.8.0_311-b11"/>
    <property name="user.name" value="呆头拯救地球"/>
    <property name="path.separator" value=";"/>
    <property name="os.version" value="10.0"/>
    <property name="java.endorsed.dirs" value="C:\Program Files\Java\jdk1.8.0_311\jre\lib\endorsed"/>
    <property name="java.runtime.name" value="Java(TM) SE Runtime Environment"/>
    <property name="file.encoding" value="GBK"/>
    <property name="java.vm.name" value="Java HotSpot(TM) 64-Bit Server VM"/>
    <property name="localRepository" value="C:\Users\呆头拯救地球\.m2\repository"/>
    <property name="java.vendor.url.bug" value="http://bugreport.sun.com/bugreport/"/>
    <property name="java.io.tmpdir" value="C:\Users\呆头拯~1\AppData\Local\Temp\"/>
    <property name="idea.version" value="2020.3.4"/>
    <property name="java.version" value="1.8.0_311"/>
    <property name="user.dir" value="C:\workplace\SpringBoot\boot-05-web-admin"/>
    <property name="os.arch" value="amd64"/>
    <property name="java.vm.specification.name" value="Java Virtual Machine Specification"/>
    <property name="java.awt.printerjob" value="sun.awt.windows.WPrinterJob"/>
    <property name="sun.os.patch.level" value=""/>
    <property name="java.library.path" value="C:\Program Files\Java\jdk1.8.0_311\jre\bin;C:\WINDOWS\Sun\Java\bin;C:\WINDOWS\system32;C:\WINDOWS;C:\WINDOWS\system32;C:\WINDOWS;C:\WINDOWS\System32\Wbem;C:\WINDOWS\System32\WindowsPowerShell\v1.0\;C:\WINDOWS\System32\OpenSSH\;C:\Program Files\Java\jdk1.8.0_311\bin;C:\Program Files\Java\jdk1.8.0_311\jre\bin;C:\Program Files\MySQL\MySQL Server 5.7\bin;C:\Program Files\apache-tomcat-8.0.42;C:\Program Files (x86)\NVIDIA Corporation\PhysX\Common;C:\Maven\apache-maven-3.8.4\bin;C:\Program Files\dotnet\;C:\Users\呆头拯救地球\AppData\Local\Microsoft\WindowsApps;C:\Program Files\Bandizip\;C:\Program Files\JetBrains\PyCharm Community Edition 2021.3\bin;;."/>
    <property name="java.vm.info" value="mixed mode"/>
    <property name="java.vendor" value="Oracle Corporation"/>
    <property name="java.vm.version" value="25.311-b11"/>
    <property name="java.ext.dirs" value="C:\Program Files\Java\jdk1.8.0_311\jre\lib\ext;C:\WINDOWS\Sun\Java\lib\ext"/>
    <property name="sun.io.unicode.encoding" value="UnicodeLittle"/>
    <property name="java.class.version" value="52.0"/>
  </properties>
  <testcase name="timeoutTest" classname="com.atguigu.admin.Junit5Test" time="1.516">
    <failure message="超时了咧！ ==&gt; execution exceeded timeout of 1000 ms by 507 ms" type="org.opentest4j.AssertionFailedError">org.opentest4j.AssertionFailedError: 超时了咧！ ==> execution exceeded timeout of 1000 ms by 507 ms
	at com.atguigu.admin.Junit5Test.timeoutTest(Junit5Test.java:81)
</failure>
    <system-out><![CDATA[2022-04-25 17:40:16.875  INFO 13572 --- [           main] .b.t.c.SpringBootTestContextBootstrapper : Neither @ContextConfiguration nor @ContextHierarchy found for test class [com.atguigu.admin.Junit5Test], using SpringBootContextLoader
2022-04-25 17:40:16.875  INFO 13572 --- [           main] o.s.t.c.support.AbstractContextLoader    : Could not detect default resource locations for test class [com.atguigu.admin.Junit5Test]: no resource found for suffixes {-context.xml, Context.groovy}.
2022-04-25 17:40:16.876  INFO 13572 --- [           main] t.c.s.AnnotationConfigContextLoaderUtils : Could not detect default configuration classes for test class [com.atguigu.admin.Junit5Test]: Junit5Test does not declare any static, non-private, non-final, nested classes annotated with @Configuration.
2022-04-25 17:40:16.877  INFO 13572 --- [           main] .b.t.c.SpringBootTestContextBootstrapper : Found @SpringBootConfiguration com.atguigu.admin.Boot05WebAdminApplication for test class com.atguigu.admin.Junit5Test
2022-04-25 17:40:16.878  INFO 13572 --- [           main] .b.t.c.SpringBootTestContextBootstrapper : Loaded default TestExecutionListener class names from location [META-INF/spring.factories]: [org.springframework.boot.test.mock.mockito.MockitoTestExecutionListener, org.springframework.boot.test.mock.mockito.ResetMocksTestExecutionListener, org.springframework.boot.test.autoconfigure.restdocs.RestDocsTestExecutionListener, org.springframework.boot.test.autoconfigure.web.client.MockRestServiceServerResetTestExecutionListener, org.springframework.boot.test.autoconfigure.web.servlet.MockMvcPrintOnlyOnFailureTestExecutionListener, org.springframework.boot.test.autoconfigure.web.servlet.WebDriverTestExecutionListener, org.springframework.boot.test.autoconfigure.webservices.client.MockWebServiceServerTestExecutionListener, org.springframework.test.context.web.ServletTestExecutionListener, org.springframework.test.context.support.DirtiesContextBeforeModesTestExecutionListener, org.springframework.test.context.event.ApplicationEventsTestExecutionListener, org.springframework.test.context.support.DependencyInjectionTestExecutionListener, org.springframework.test.context.support.DirtiesContextTestExecutionListener, org.springframework.test.context.transaction.TransactionalTestExecutionListener, org.springframework.test.context.jdbc.SqlScriptsTestExecutionListener, org.springframework.test.context.event.EventPublishingTestExecutionListener]
2022-04-25 17:40:16.878  INFO 13572 --- [           main] .b.t.c.SpringBootTestContextBootstrapper : Using TestExecutionListeners: [org.springframework.test.context.web.ServletTestExecutionListener@59a2388e, org.springframework.test.context.support.DirtiesContextBeforeModesTestExecutionListener@186d8a71, org.springframework.test.context.event.ApplicationEventsTestExecutionListener@3dc40ab9, org.springframework.boot.test.mock.mockito.MockitoTestExecutionListener@2db6d68d, org.springframework.boot.test.autoconfigure.SpringBootDependencyInjectionTestExecutionListener@6518fdfd, org.springframework.test.context.support.DirtiesContextTestExecutionListener@11d2dd2d, org.springframework.test.context.transaction.TransactionalTestExecutionListener@cde8c6c, org.springframework.test.context.jdbc.SqlScriptsTestExecutionListener@174721c4, org.springframework.test.context.event.EventPublishingTestExecutionListener@3592c1c4, org.springframework.boot.test.mock.mockito.ResetMocksTestExecutionListener@322e49ee, org.springframework.boot.test.autoconfigure.restdocs.RestDocsTestExecutionListener@4aeb0e2b, org.springframework.boot.test.autoconfigure.web.client.MockRestServiceServerResetTestExecutionListener@648c5fb3, org.springframework.boot.test.autoconfigure.web.servlet.MockMvcPrintOnlyOnFailureTestExecutionListener@47b33e07, org.springframework.boot.test.autoconfigure.web.servlet.WebDriverTestExecutionListener@7126e26, org.springframework.boot.test.autoconfigure.webservices.client.MockWebServiceServerTestExecutionListener@151ab2b9]
所有测试就要开始了!
测试就要开始了!
测试已经结束了!
]]></system-out>
  </testcase>
  <testcase name="testTimeOut" classname="com.atguigu.admin.Junit5Test" time="0.012"/>
  <testcase name="shouldFail" classname="com.atguigu.admin.Junit5Test" time="0.004"/>
  <testcase name="all" classname="com.atguigu.admin.Junit5Test" time="0.01">
    <failure message="test (2 failures)&#10;	org.opentest4j.AssertionFailedError: expected: &lt;2&gt; but was: &lt;1&gt;&#10;	org.opentest4j.AssertionFailedError: 不一样捏! ==&gt; array contents differ at index [0], expected: &lt;2&gt; but was: &lt;1&gt;" type="org.opentest4j.MultipleFailuresError"><![CDATA[org.opentest4j.MultipleFailuresError: 
test (2 failures)
	org.opentest4j.AssertionFailedError: expected: <2> but was: <1>
	org.opentest4j.AssertionFailedError: 不一样捏! ==> array contents differ at index [0], expected: <2> but was: <1>
	at com.atguigu.admin.Junit5Test.all(Junit5Test.java:88)
]]></failure>
    <system-out><![CDATA[测试就要开始了!
测试已经结束了!
]]></system-out>
  </testcase>
  <testcase name="array" classname="com.atguigu.admin.Junit5Test" time="0.003"/>
  <testcase name="test2" classname="com.atguigu.admin.Junit5Test" time="0">
    <skipped message="void com.atguigu.admin.Junit5Test.test2() is @Disabled"/>
  </testcase>
  <testcase name="test3" classname="com.atguigu.admin.Junit5Test" time="0.003"/>
  <testcase name="test3[1]" classname="com.atguigu.admin.Junit5Test" time="0.004"/>
  <testcase name="test3[2]" classname="com.atguigu.admin.Junit5Test" time="0.002"/>
  <testcase name="test3[3]" classname="com.atguigu.admin.Junit5Test" time="0.002"/>
  <testcase name="test3[4]" classname="com.atguigu.admin.Junit5Test" time="0.002"/>
  <testcase name="test3[5]" classname="com.atguigu.admin.Junit5Test" time="0.003"/>
  <testcase name="exceptionTest" classname="com.atguigu.admin.Junit5Test" time="0.004">
    <failure message="数学看来不是体育老师教的! ==&gt; Expected java.lang.ArithmeticException to be thrown, but nothing was thrown." type="org.opentest4j.AssertionFailedError">org.opentest4j.AssertionFailedError: 数学看来不是体育老师教的! ==> Expected java.lang.ArithmeticException to be thrown, but nothing was thrown.
	at com.atguigu.admin.Junit5Test.exceptionTest(Junit5Test.java:71)
</failure>
    <system-out><![CDATA[测试就要开始了!
测试已经结束了!
]]></system-out>
  </testcase>
  <testcase name="testDisplayName" classname="com.atguigu.admin.Junit5Test" time="0.004"/>
  <testcase name="testAssumptions" classname="com.atguigu.admin.Junit5Test" time="0">
    <skipped message="Assumption failed: 结果不对" type="org.opentest4j.TestAbortedException">org.opentest4j.TestAbortedException: Assumption failed: 结果不对
	at com.atguigu.admin.Junit5Test.testAssumptions(Junit5Test.java:26)
</skipped>
    <system-out><![CDATA[测试就要开始了!
测试已经结束了!
]]></system-out>
  </testcase>
  <testcase name="testSimpleAssertions" classname="com.atguigu.admin.Junit5Test" time="0.004">
    <failure message="这两个对象不相同 ==&gt; expected: &lt;java.lang.Object@357bc488&gt; but was: &lt;java.lang.Object@4ea17147&gt;" type="org.opentest4j.AssertionFailedError"><![CDATA[org.opentest4j.AssertionFailedError: 这两个对象不相同 ==> expected: <java.lang.Object@357bc488> but was: <java.lang.Object@4ea17147>
	at com.atguigu.admin.Junit5Test.testSimpleAssertions(Junit5Test.java:56)
]]></failure>
    <system-out><![CDATA[测试就要开始了!
测试已经结束了!
]]></system-out>
  </testcase>
</testsuite>